<?xml version="1.0" encoding="UTF-8"?>
<testsuite name="com.example.bankserversystem.controller.UserControllerTest" tests="3" skipped="0" failures="0" errors="0" timestamp="2024-08-27T12:32:27" hostname="Jaeils-MacBook-Pro.local" time="0.098">
  <properties/>
  <testcase name="로그인 테스트" classname="com.example.bankserversystem.controller.UserControllerTest" time="0.078"/>
  <testcase name="유저 정보 검색 테스트" classname="com.example.bankserversystem.controller.UserControllerTest" time="0.011"/>
  <testcase name="회원가입 테스트" classname="com.example.bankserversystem.controller.UserControllerTest" time="0.007"/>
  <system-out><![CDATA[21:32:26.286 [Test worker] INFO org.springframework.test.context.support.AnnotationConfigContextLoaderUtils -- Could not detect default configuration classes for test class [com.example.bankserversystem.controller.UserControllerTest]: UserControllerTest does not declare any static, non-private, non-final, nested classes annotated with @Configuration.
21:32:26.342 [Test worker] INFO org.springframework.boot.test.context.SpringBootTestContextBootstrapper -- Found @SpringBootConfiguration com.example.bankserversystem.BankServerSystemApplication for test class com.example.bankserversystem.controller.UserControllerTest

  .   ____          _            __ _ _
 /\\ / ___'_ __ _ _(_)_ __  __ _ \ \ \ \
( ( )\___ | '_ | '_| | '_ \/ _` | \ \ \ \
 \\/  ___)| |_)| | | | | || (_| |  ) ) ) )
  '  |____| .__|_| |_|_| |_\__, | / / / /
 =========|_|==============|___/=/_/_/_/
 :: Spring Boot ::                (v3.2.5)

2024-08-27T21:32:26.492+09:00  INFO 59466 --- [    Test worker] c.e.b.controller.UserControllerTest      : Starting UserControllerTest using Java 17.0.11 with PID 59466 (started by jaeiljeong in /Users/jaeiljeong/Documents/BankSystemServer)
2024-08-27T21:32:26.493+09:00  INFO 59466 --- [    Test worker] c.e.b.controller.UserControllerTest      : No active profile set, falling back to 1 default profile: "default"
2024-08-27T21:32:27.551+09:00  WARN 59466 --- [    Test worker] .s.s.UserDetailsServiceAutoConfiguration : 

Using generated security password: bf34e0b1-981a-4d99-b4a3-4bf0b3a72db2

This generated password is for development use only. Your security configuration must be updated before running your application in production.

2024-08-27T21:32:27.602+09:00  INFO 59466 --- [    Test worker] o.s.s.web.DefaultSecurityFilterChain     : Will secure any request with [org.springframework.security.web.session.DisableEncodeUrlFilter@103478b8, org.springframework.security.web.context.request.async.WebAsyncManagerIntegrationFilter@270f7b4d, org.springframework.security.web.context.SecurityContextHolderFilter@25f14e93, org.springframework.security.web.header.HeaderWriterFilter@70ce2fb2, org.springframework.web.filter.CorsFilter@56b704ea, org.springframework.security.web.csrf.CsrfFilter@27746c5e, org.springframework.security.web.authentication.logout.LogoutFilter@74badf19, org.springframework.security.web.authentication.UsernamePasswordAuthenticationFilter@4b511e61, org.springframework.security.web.authentication.ui.DefaultLoginPageGeneratingFilter@3278d065, org.springframework.security.web.authentication.ui.DefaultLogoutPageGeneratingFilter@ab4d2ba, org.springframework.security.web.authentication.www.BasicAuthenticationFilter@c677d7e, org.springframework.security.web.savedrequest.RequestCacheAwareFilter@4c02899, org.springframework.security.web.servletapi.SecurityContextHolderAwareRequestFilter@5b895e76, org.springframework.security.web.authentication.AnonymousAuthenticationFilter@39f68aec, org.springframework.security.web.access.ExceptionTranslationFilter@3c62be3c, org.springframework.security.web.access.intercept.AuthorizationFilter@602a3237]
2024-08-27T21:32:27.623+09:00  INFO 59466 --- [    Test worker] o.s.b.t.m.w.SpringBootMockServletContext : Initializing Spring TestDispatcherServlet ''
2024-08-27T21:32:27.624+09:00  INFO 59466 --- [    Test worker] o.s.t.web.servlet.TestDispatcherServlet  : Initializing Servlet ''
2024-08-27T21:32:27.624+09:00  INFO 59466 --- [    Test worker] o.s.t.web.servlet.TestDispatcherServlet  : Completed initialization in 0 ms
2024-08-27T21:32:27.678+09:00  INFO 59466 --- [    Test worker] c.e.b.controller.UserControllerTest      : Started UserControllerTest in 1.301 seconds (process running for 1.738)

MockHttpServletRequest:
      HTTP Method = POST
      Request URI = /api/user/login
       Parameters = {}
          Headers = [Content-Type:"application/json", Content-Length:"43"]
             Body = <no character encoding set>
    Session Attrs = {}

Handler:
             Type = com.example.bankserversystem.domain.controller.UserController
           Method = com.example.bankserversystem.domain.controller.UserController#login(LoginRequest)

Async:
    Async started = false
     Async result = null

Resolved Exception:
             Type = null

ModelAndView:
        View name = null
             View = null
            Model = null

FlashMap:
       Attributes = null

MockHttpServletResponse:
           Status = 200
    Error message = null
          Headers = [Content-Type:"application/json"]
     Content type = application/json
             Body = {"code":"OK","message":"OK","data":"mocked-jwt-token"}
    Forwarded URL = null
   Redirected URL = null
          Cookies = []
서치 테스트

MockHttpServletRequest:
      HTTP Method = GET
      Request URI = /api/user/1
       Parameters = {}
          Headers = []
             Body = <no character encoding set>
    Session Attrs = {}

Handler:
             Type = com.example.bankserversystem.domain.controller.UserController
           Method = com.example.bankserversystem.domain.controller.UserController#search(Long)

Async:
    Async started = false
     Async result = null

Resolved Exception:
             Type = null

ModelAndView:
        View name = null
             View = null
            Model = null

FlashMap:
       Attributes = null

MockHttpServletResponse:
           Status = 200
    Error message = null
          Headers = [Content-Type:"application/json"]
     Content type = application/json
             Body = {"code":"OK","message":"OK","data":{"userId":1,"email":"test@test.com","birthDate":"1995-01-09","creditRating":"Basic","address":"test","phoneNumber":"1234"}}
    Forwarded URL = null
   Redirected URL = null
          Cookies = []
signUP!!!

MockHttpServletRequest:
      HTTP Method = POST
      Request URI = /api/user/signup
       Parameters = {}
          Headers = [Content-Type:"application/json", Content-Length:"115"]
             Body = <no character encoding set>
    Session Attrs = {}

Handler:
             Type = com.example.bankserversystem.domain.controller.UserController
           Method = com.example.bankserversystem.domain.controller.UserController#signUp(UserInfoRequest)

Async:
    Async started = false
     Async result = null

Resolved Exception:
             Type = null

ModelAndView:
        View name = null
             View = null
            Model = null

FlashMap:
       Attributes = null

MockHttpServletResponse:
           Status = 200
    Error message = null
          Headers = [Content-Type:"application/json"]
     Content type = application/json
             Body = {"code":"OK","message":"OK","data":{"userId":1,"email":"test10@test.com","birthDate":"1995-01-09","creditRating":"Basic","address":"paju","phoneNumber":"1234"}}
    Forwarded URL = null
   Redirected URL = null
          Cookies = []
]]></system-out>
  <system-err><![CDATA[]]></system-err>
</testsuite>
