<?xml version="1.0" encoding="UTF-8"?>
<testsuite name="com.example.bankserversystem.BankServerSystemApplicationTests" tests="1" skipped="0" failures="0" errors="0" timestamp="2024-06-12T03:19:44" hostname="Jaeils-MacBook-Pro.local" time="0.776">
  <properties/>
  <testcase name="contextLoads()" classname="com.example.bankserversystem.BankServerSystemApplicationTests" time="0.776"/>
  <system-out><![CDATA[12:19:38.122 [Test worker] INFO org.springframework.test.context.support.AnnotationConfigContextLoaderUtils -- Could not detect default configuration classes for test class [com.example.bankserversystem.BankServerSystemApplicationTests]: BankServerSystemApplicationTests does not declare any static, non-private, non-final, nested classes annotated with @Configuration.
12:19:38.273 [Test worker] INFO org.springframework.boot.test.context.SpringBootTestContextBootstrapper -- Found @SpringBootConfiguration com.example.bankserversystem.BankServerSystemApplication for test class com.example.bankserversystem.BankServerSystemApplicationTests

  .   ____          _            __ _ _
 /\\ / ___'_ __ _ _(_)_ __  __ _ \ \ \ \
( ( )\___ | '_ | '_| | '_ \/ _` | \ \ \ \
 \\/  ___)| |_)| | | | | || (_| |  ) ) ) )
  '  |____| .__|_| |_|_| |_\__, | / / / /
 =========|_|==============|___/=/_/_/_/
 :: Spring Boot ::                (v3.2.5)

2024-06-12T12:19:38.784+09:00  INFO 78630 --- [    Test worker] c.e.b.BankServerSystemApplicationTests   : Starting BankServerSystemApplicationTests using Java 19.0.2 with PID 78630 (started by jaeiljeong in /Users/jaeiljeong/Documents/BankSystemServer/BankServerSystem)
2024-06-12T12:19:38.787+09:00  INFO 78630 --- [    Test worker] c.e.b.BankServerSystemApplicationTests   : No active profile set, falling back to 1 default profile: "default"
2024-06-12T12:19:39.688+09:00  INFO 78630 --- [    Test worker] .s.d.r.c.RepositoryConfigurationDelegate : Bootstrapping Spring Data JPA repositories in DEFAULT mode.
2024-06-12T12:19:39.799+09:00  INFO 78630 --- [    Test worker] .s.d.r.c.RepositoryConfigurationDelegate : Finished Spring Data repository scanning in 104 ms. Found 4 JPA repository interfaces.
2024-06-12T12:19:41.001+09:00  INFO 78630 --- [    Test worker] o.hibernate.jpa.internal.util.LogHelper  : HHH000204: Processing PersistenceUnitInfo [name: default]
2024-06-12T12:19:41.041+09:00  INFO 78630 --- [    Test worker] org.hibernate.Version                    : HHH000412: Hibernate ORM core version 6.4.4.Final
2024-06-12T12:19:41.076+09:00  INFO 78630 --- [    Test worker] o.h.c.internal.RegionFactoryInitiator    : HHH000026: Second-level cache disabled
2024-06-12T12:19:41.317+09:00  INFO 78630 --- [    Test worker] o.s.o.j.p.SpringPersistenceUnitInfo      : No LoadTimeWeaver setup: ignoring JPA class transformer
2024-06-12T12:19:41.340+09:00  INFO 78630 --- [    Test worker] com.zaxxer.hikari.HikariDataSource       : HikariPool-1 - Starting...
2024-06-12T12:19:41.482+09:00  INFO 78630 --- [    Test worker] com.zaxxer.hikari.pool.HikariPool        : HikariPool-1 - Added connection com.mysql.cj.jdbc.ConnectionImpl@29b8df5
2024-06-12T12:19:41.485+09:00  INFO 78630 --- [    Test worker] com.zaxxer.hikari.HikariDataSource       : HikariPool-1 - Start completed.
2024-06-12T12:19:42.526+09:00  INFO 78630 --- [    Test worker] o.h.e.t.j.p.i.JtaPlatformInitiator       : HHH000489: No JTA platform available (set 'hibernate.transaction.jta.platform' to enable JTA platform integration)
2024-06-12T12:19:42.634+09:00  INFO 78630 --- [    Test worker] j.LocalContainerEntityManagerFactoryBean : Initialized JPA EntityManagerFactory for persistence unit 'default'
2024-06-12T12:19:42.696+09:00  INFO 78630 --- [    Test worker] f.a.AutowiredAnnotationBeanPostProcessor : Autowired annotation is not supported on static fields: public static java.lang.String com.example.bankserversystem.jwt.JwtProviders.AUTHORITIES_KEY
2024-06-12T12:19:42.991+09:00  INFO 78630 --- [    Test worker] o.s.d.j.r.query.QueryEnhancerFactory     : Hibernate is in classpath; If applicable, HQL parser will be used.
2024-06-12T12:19:43.944+09:00  WARN 78630 --- [    Test worker] .s.s.UserDetailsServiceAutoConfiguration : 

Using generated security password: 0d6094d7-3440-4f90-a438-677baca06dc9

This generated password is for development use only. Your security configuration must be updated before running your application in production.

2024-06-12T12:19:44.373+09:00  INFO 78630 --- [    Test worker] o.s.s.web.DefaultSecurityFilterChain     : Will secure any request with [org.springframework.security.web.session.DisableEncodeUrlFilter@5545137d, org.springframework.security.web.context.request.async.WebAsyncManagerIntegrationFilter@ca31ad7, org.springframework.security.web.context.SecurityContextHolderFilter@3670af2b, org.springframework.security.web.header.HeaderWriterFilter@d8f65a1, org.springframework.web.filter.CorsFilter@52e2e426, org.springframework.security.web.authentication.logout.LogoutFilter@378456cb, com.example.bankserversystem.exception.jwt.JwtExceptionFilter@d65ba64, com.example.bankserversystem.jwt.JwtAuthenticationFilter@70c68e4e, org.springframework.security.web.savedrequest.RequestCacheAwareFilter@42d4de20, org.springframework.security.web.servletapi.SecurityContextHolderAwareRequestFilter@2cc9a5a2, org.springframework.security.web.authentication.AnonymousAuthenticationFilter@64a74723, org.springframework.security.web.session.SessionManagementFilter@58f259bd, org.springframework.security.web.access.ExceptionTranslationFilter@16a3d9a7, org.springframework.security.web.access.intercept.AuthorizationFilter@bda4cbe]
2024-06-12T12:19:44.386+09:00  WARN 78630 --- [    Test worker] o.s.s.c.a.web.builders.WebSecurity       : You are asking Spring Security to ignore Ant [pattern='/swagger-resources']. This is not recommended -- please use permitAll via HttpSecurity#authorizeHttpRequests instead.
2024-06-12T12:19:44.386+09:00  INFO 78630 --- [    Test worker] o.s.s.web.DefaultSecurityFilterChain     : Will not secure Ant [pattern='/swagger-resources']
2024-06-12T12:19:44.387+09:00  WARN 78630 --- [    Test worker] o.s.s.c.a.web.builders.WebSecurity       : You are asking Spring Security to ignore Ant [pattern='/swagger']. This is not recommended -- please use permitAll via HttpSecurity#authorizeHttpRequests instead.
2024-06-12T12:19:44.387+09:00  INFO 78630 --- [    Test worker] o.s.s.web.DefaultSecurityFilterChain     : Will not secure Ant [pattern='/swagger']
2024-06-12T12:19:44.387+09:00  WARN 78630 --- [    Test worker] o.s.s.c.a.web.builders.WebSecurity       : You are asking Spring Security to ignore Ant [pattern='/swagger-ui/index.html']. This is not recommended -- please use permitAll via HttpSecurity#authorizeHttpRequests instead.
2024-06-12T12:19:44.387+09:00  INFO 78630 --- [    Test worker] o.s.s.web.DefaultSecurityFilterChain     : Will not secure Ant [pattern='/swagger-ui/index.html']
2024-06-12T12:19:44.752+09:00  INFO 78630 --- [    Test worker] c.e.b.BankServerSystemApplicationTests   : Started BankServerSystemApplicationTests in 6.335 seconds (process running for 7.723)
240612121945
0.8301876113410845
83018761134
323630883079
]]></system-out>
  <system-err><![CDATA[]]></system-err>
</testsuite>
