<?xml version="1.0" encoding="UTF-8"?>
<testsuite name="com.example.bankserversystem.service.UserServiceTest" tests="1" skipped="0" failures="0" errors="0" timestamp="2024-08-28T03:28:01" hostname="Jaeils-MacBook-Pro.local" time="0.575">
  <properties/>
  <testcase name="로그인 실패 테스트(존재 하지 않는 회원" classname="com.example.bankserversystem.service.UserServiceTest" time="0.575"/>
  <system-out><![CDATA[]]></system-out>
  <system-err><![CDATA[]]></system-err>
</testsuite>
